c:\users\tandai\desktop\game-metroid-uit\game metroid\game metroid\debug\vc141.pdb
c:\users\tandai\desktop\game-metroid-uit\game metroid\game metroid\debug\vc141.idb
c:\users\tandai\desktop\game-metroid-uit\game metroid\game metroid\debug\camera.obj
c:\users\tandai\desktop\game-metroid-uit\game metroid\game metroid\debug\map.obj
c:\users\tandai\desktop\game-metroid-uit\game metroid\game metroid\debug\object.obj
c:\users\tandai\desktop\game-metroid-uit\game metroid\game metroid\debug\game.obj
c:\users\tandai\desktop\game-metroid-uit\game metroid\game metroid\debug\global.obj
c:\users\tandai\desktop\game-metroid-uit\game metroid\game metroid\debug\main.obj
c:\users\tandai\desktop\game-metroid-uit\game metroid\game metroid\debug\sprite.obj
c:\users\tandai\desktop\game-metroid-uit\game metroid\game metroid\debug\gtexture.obj
c:\users\tandai\desktop\game-metroid-uit\game metroid\game metroid\debug\utils.obj
c:\users\tandai\desktop\game-metroid-uit\game metroid\game metroid\debug\player.obj
c:\users\tandai\desktop\game-metroid-uit\game metroid\game metroid\debug\scenemain.obj
c:\users\tandai\desktop\game-metroid-uit\game metroid\game metroid\debug\metroid.exe
c:\users\tandai\desktop\game-metroid-uit\game metroid\game metroid\debug\metroid.ilk
c:\users\tandai\desktop\game-metroid-uit\game metroid\game metroid\debug\metroid.pdb
c:\users\tandai\desktop\game-metroid-uit\game metroid\game metroid\debug\gcamera.obj
c:\users\tandai\desktop\game-metroid-uit\game metroid\game metroid\debug\gsprite.obj
c:\users\tandai\desktop\game-metroid-uit\game metroid\game metroid\debug\simon.obj
c:\users\tandai\desktop\game-metroid-uit\game metroid\game metroid\debug\metroid.tlog\cl.command.1.tlog
c:\users\tandai\desktop\game-metroid-uit\game metroid\game metroid\debug\metroid.tlog\cl.read.1.tlog
c:\users\tandai\desktop\game-metroid-uit\game metroid\game metroid\debug\metroid.tlog\cl.write.1.tlog
c:\users\tandai\desktop\game-metroid-uit\game metroid\game metroid\debug\metroid.tlog\link.command.1.tlog
c:\users\tandai\desktop\game-metroid-uit\game metroid\game metroid\debug\metroid.tlog\link.read.1.tlog
c:\users\tandai\desktop\game-metroid-uit\game metroid\game metroid\debug\metroid.tlog\link.write.1.tlog
